Configuring github-0.16.0...
Building github-0.16.0...
Preprocessing library github-0.16.0...
[ 1 of 57] Compiling GitHub.Internal.Prelude ( src\GitHub\Internal\Prelude.hs, .stack-work\dist\ca59d0ab\build\GitHub\Internal\Prelude.o )
[ 2 of 57] Compiling GitHub.Data.Webhooks.Validate ( src\GitHub\Data\Webhooks\Validate.hs, .stack-work\dist\ca59d0ab\build\GitHub\Data\Webhooks\Validate.o )
[ 3 of 57] Compiling GitHub.Data.URL  ( src\GitHub\Data\URL.hs, .stack-work\dist\ca59d0ab\build\GitHub\Data\URL.o )
[ 4 of 57] Compiling GitHub.Data.Name ( src\GitHub\Data\Name.hs, .stack-work\dist\ca59d0ab\build\GitHub\Data\Name.o )
[ 5 of 57] Compiling GitHub.Data.Id   ( src\GitHub\Data\Id.hs, .stack-work\dist\ca59d0ab\build\GitHub\Data\Id.o )
[ 6 of 57] Compiling GitHub.Data.Webhooks ( src\GitHub\Data\Webhooks.hs, .stack-work\dist\ca59d0ab\build\GitHub\Data\Webhooks.o )
[ 7 of 57] Compiling GitHub.Data.DeployKeys ( src\GitHub\Data\DeployKeys.hs, .stack-work\dist\ca59d0ab\build\GitHub\Data\DeployKeys.o )
[ 8 of 57] Compiling GitHub.Data.Definitions ( src\GitHub\Data\Definitions.hs, .stack-work\dist\ca59d0ab\build\GitHub\Data\Definitions.o )
[ 9 of 57] Compiling GitHub.Data.Events ( src\GitHub\Data\Events.hs, .stack-work\dist\ca59d0ab\build\GitHub\Data\Events.o )
[10 of 57] Compiling GitHub.Data.GitData ( src\GitHub\Data\GitData.hs, .stack-work\dist\ca59d0ab\build\GitHub\Data\GitData.o )
[11 of 57] Compiling GitHub.Data.Milestone ( src\GitHub\Data\Milestone.hs, .stack-work\dist\ca59d0ab\build\GitHub\Data\Milestone.o )
[12 of 57] Compiling GitHub.Data.Options ( src\GitHub\Data\Options.hs, .stack-work\dist\ca59d0ab\build\GitHub\Data\Options.o )
[13 of 57] Compiling GitHub.Data.Releases ( src\GitHub\Data\Releases.hs, .stack-work\dist\ca59d0ab\build\GitHub\Data\Releases.o )
[14 of 57] Compiling GitHub.Data.Repos ( src\GitHub\Data\Repos.hs, .stack-work\dist\ca59d0ab\build\GitHub\Data\Repos.o )
[15 of 57] Compiling GitHub.Data.Gists ( src\GitHub\Data\Gists.hs, .stack-work\dist\ca59d0ab\build\GitHub\Data\Gists.o )
[16 of 57] Compiling GitHub.Data.Search ( src\GitHub\Data\Search.hs, .stack-work\dist\ca59d0ab\build\GitHub\Data\Search.o )
[17 of 57] Compiling GitHub.Data.Request ( src\GitHub\Data\Request.hs, .stack-work\dist\ca59d0ab\build\GitHub\Data\Request.o )
[18 of 57] Compiling GitHub.Data.PullRequests ( src\GitHub\Data\PullRequests.hs, .stack-work\dist\ca59d0ab\build\GitHub\Data\PullRequests.o )
[19 of 57] Compiling GitHub.Data.Issues ( src\GitHub\Data\Issues.hs, .stack-work\dist\ca59d0ab\build\GitHub\Data\Issues.o )
[20 of 57] Compiling GitHub.Data.Teams ( src\GitHub\Data\Teams.hs, .stack-work\dist\ca59d0ab\build\GitHub\Data\Teams.o )
[21 of 57] Compiling GitHub.Data.Content ( src\GitHub\Data\Content.hs, .stack-work\dist\ca59d0ab\build\GitHub\Data\Content.o )
[22 of 57] Compiling GitHub.Data.Comments ( src\GitHub\Data\Comments.hs, .stack-work\dist\ca59d0ab\build\GitHub\Data\Comments.o )
[23 of 57] Compiling GitHub.Data.Activities ( src\GitHub\Data\Activities.hs, .stack-work\dist\ca59d0ab\build\GitHub\Data\Activities.o )
[24 of 57] Compiling GitHub.Auth      ( src\GitHub\Auth.hs, .stack-work\dist\ca59d0ab\build\GitHub\Auth.o )
[25 of 57] Compiling GitHub.Data      ( src\GitHub\Data.hs, .stack-work\dist\ca59d0ab\build\GitHub\Data.o )
[26 of 57] Compiling GitHub.Endpoints.Activity.Events ( src\GitHub\Endpoints\Activity\Events.hs, .stack-work\dist\ca59d0ab\build\GitHub\Endpoints\Activity\Events.o )
[27 of 57] Compiling GitHub.Request   ( src\GitHub\Request.hs, .stack-work\dist\ca59d0ab\build\GitHub\Request.o )
[28 of 57] Compiling GitHub.Endpoints.Activity.Starring ( src\GitHub\Endpoints\Activity\Starring.hs, .stack-work\dist\ca59d0ab\build\GitHub\Endpoints\Activity\Starring.o )
[29 of 57] Compiling GitHub.Endpoints.Activity.Watching ( src\GitHub\Endpoints\Activity\Watching.hs, .stack-work\dist\ca59d0ab\build\GitHub\Endpoints\Activity\Watching.o )
[30 of 57] Compiling GitHub.Endpoints.Gists ( src\GitHub\Endpoints\Gists.hs, .stack-work\dist\ca59d0ab\build\GitHub\Endpoints\Gists.o )
[31 of 57] Compiling GitHub.Endpoints.Gists.Comments ( src\GitHub\Endpoints\Gists\Comments.hs, .stack-work\dist\ca59d0ab\build\GitHub\Endpoints\Gists\Comments.o )
[32 of 57] Compiling GitHub.Endpoints.GitData.Blobs ( src\GitHub\Endpoints\GitData\Blobs.hs, .stack-work\dist\ca59d0ab\build\GitHub\Endpoints\GitData\Blobs.o )
[33 of 57] Compiling GitHub.Endpoints.GitData.Commits ( src\GitHub\Endpoints\GitData\Commits.hs, .stack-work\dist\ca59d0ab\build\GitHub\Endpoints\GitData\Commits.o )
[34 of 57] Compiling GitHub.Endpoints.GitData.References ( src\GitHub\Endpoints\GitData\References.hs, .stack-work\dist\ca59d0ab\build\GitHub\Endpoints\GitData\References.o )
[35 of 57] Compiling GitHub.Endpoints.GitData.Trees ( src\GitHub\Endpoints\GitData\Trees.hs, .stack-work\dist\ca59d0ab\build\GitHub\Endpoints\GitData\Trees.o )
[36 of 57] Compiling GitHub.Endpoints.Issues ( src\GitHub\Endpoints\Issues.hs, .stack-work\dist\ca59d0ab\build\GitHub\Endpoints\Issues.o )
[37 of 57] Compiling GitHub.Endpoints.Issues.Comments ( src\GitHub\Endpoints\Issues\Comments.hs, .stack-work\dist\ca59d0ab\build\GitHub\Endpoints\Issues\Comments.o )
[38 of 57] Compiling GitHub.Endpoints.Issues.Events ( src\GitHub\Endpoints\Issues\Events.hs, .stack-work\dist\ca59d0ab\build\GitHub\Endpoints\Issues\Events.o )
[39 of 57] Compiling GitHub.Endpoints.Issues.Labels ( src\GitHub\Endpoints\Issues\Labels.hs, .stack-work\dist\ca59d0ab\build\GitHub\Endpoints\Issues\Labels.o )
[40 of 57] Compiling GitHub.Endpoints.Issues.Milestones ( src\GitHub\Endpoints\Issues\Milestones.hs, .stack-work\dist\ca59d0ab\build\GitHub\Endpoints\Issues\Milestones.o )
[41 of 57] Compiling GitHub.Endpoints.Organizations ( src\GitHub\Endpoints\Organizations.hs, .stack-work\dist\ca59d0ab\build\GitHub\Endpoints\Organizations.o )
[42 of 57] Compiling GitHub.Endpoints.Organizations.Members ( src\GitHub\Endpoints\Organizations\Members.hs, .stack-work\dist\ca59d0ab\build\GitHub\Endpoints\Organizations\Members.o )
[43 of 57] Compiling GitHub.Endpoints.Organizations.Teams ( src\GitHub\Endpoints\Organizations\Teams.hs, .stack-work\dist\ca59d0ab\build\GitHub\Endpoints\Organizations\Teams.o )
[44 of 57] Compiling GitHub.Endpoints.PullRequests ( src\GitHub\Endpoints\PullRequests.hs, .stack-work\dist\ca59d0ab\build\GitHub\Endpoints\PullRequests.o )
[45 of 57] Compiling GitHub.Endpoints.PullRequests.ReviewComments ( src\GitHub\Endpoints\PullRequests\ReviewComments.hs, .stack-work\dist\ca59d0ab\build\GitHub\Endpoints\PullRequests\ReviewComments.o )
[46 of 57] Compiling GitHub.Endpoints.Repos ( src\GitHub\Endpoints\Repos.hs, .stack-work\dist\ca59d0ab\build\GitHub\Endpoints\Repos.o )
[47 of 57] Compiling GitHub.Endpoints.Repos.Collaborators ( src\GitHub\Endpoints\Repos\Collaborators.hs, .stack-work\dist\ca59d0ab\build\GitHub\Endpoints\Repos\Collaborators.o )
[48 of 57] Compiling GitHub.Endpoints.Repos.Comments ( src\GitHub\Endpoints\Repos\Comments.hs, .stack-work\dist\ca59d0ab\build\GitHub\Endpoints\Repos\Comments.o )
[49 of 57] Compiling GitHub.Endpoints.Repos.Commits ( src\GitHub\Endpoints\Repos\Commits.hs, .stack-work\dist\ca59d0ab\build\GitHub\Endpoints\Repos\Commits.o )
[50 of 57] Compiling GitHub.Endpoints.Repos.DeployKeys ( src\GitHub\Endpoints\Repos\DeployKeys.hs, .stack-work\dist\ca59d0ab\build\GitHub\Endpoints\Repos\DeployKeys.o )
[51 of 57] Compiling GitHub.Endpoints.Repos.Forks ( src\GitHub\Endpoints\Repos\Forks.hs, .stack-work\dist\ca59d0ab\build\GitHub\Endpoints\Repos\Forks.o )
[52 of 57] Compiling GitHub.Endpoints.Repos.Releases ( src\GitHub\Endpoints\Repos\Releases.hs, .stack-work\dist\ca59d0ab\build\GitHub\Endpoints\Repos\Releases.o )
[53 of 57] Compiling GitHub.Endpoints.Repos.Webhooks ( src\GitHub\Endpoints\Repos\Webhooks.hs, .stack-work\dist\ca59d0ab\build\GitHub\Endpoints\Repos\Webhooks.o )
[54 of 57] Compiling GitHub.Endpoints.Search ( src\GitHub\Endpoints\Search.hs, .stack-work\dist\ca59d0ab\build\GitHub\Endpoints\Search.o )
[55 of 57] Compiling GitHub.Endpoints.Users ( src\GitHub\Endpoints\Users.hs, .stack-work\dist\ca59d0ab\build\GitHub\Endpoints\Users.o )
[56 of 57] Compiling GitHub.Endpoints.Users.Followers ( src\GitHub\Endpoints\Users\Followers.hs, .stack-work\dist\ca59d0ab\build\GitHub\Endpoints\Users\Followers.o )
[57 of 57] Compiling GitHub           ( src\GitHub.hs, .stack-work\dist\ca59d0ab\build\GitHub.o )
Installing library in
C:\sr\snapshots\518da490\lib\x86_64-windows-ghc-8.0.2\github-0.16.0-JddJqtZCsdWDK23cATBxDn
Registering github-0.16.0...
